<?xml version="1.0" encoding="UTF-8"?>
<!-- Generated by org.testng.reporters.JUnitReportReporter -->
<testsuite hostname="CHN-LP76" failures="0" tests="11" name="TestCases.Add_Contacts" time="68.028" errors="0" timestamp="2023-08-30T16:24:37 IST" skipped="0">
  <testcase classname="TestCases.Add_Contacts" name="add_all_fields" time="5.616"/>
  <testcase classname="TestCases.Add_Contacts" name="add_all_fields" time="5.610"/>
  <testcase classname="TestCases.Add_Contacts" name="adding_Name_And_Phone_Only" time="5.416"/>
  <testcase classname="TestCases.Add_Contacts" name="adding_Name_And_Email_Only" time="5.519"/>
  <testcase classname="TestCases.Add_Contacts" name="adding_Phone_And_Email_Only" time="5.428"/>
  <testcase classname="TestCases.Add_Contacts" name="adding_Name_Only" time="5.357"/>
  <testcase classname="TestCases.Add_Contacts" name="adding_Phone_Only" time="5.565"/>
  <testcase classname="TestCases.Add_Contacts" name="adding_Email_Only" time="7.794"/>
  <testcase classname="TestCases.Add_Contacts" name="adding_SpecialCharacters_In_Name_Field" time="5.439"/>
  <testcase classname="TestCases.Add_Contacts" name="adding_SpecialCharacters_In_Phone_Field" time="5.339"/>
  <testcase classname="TestCases.Add_Contacts" name="adding_Multiple_Contacts" time="10.945"/>
</testsuite> <!-- TestCases.Add_Contacts -->
