<?xml version="1.0" encoding="UTF-8"?>
<!-- Generated by org.testng.reporters.JUnitReportReporter -->
<testsuite hostname="CHN-LP76" failures="0" tests="3" name="TestCases.Edit_Contacts" time="18.436" errors="0" timestamp="2023-08-30T15:59:32 IST" skipped="0">
  <testcase classname="TestCases.Edit_Contacts" name="edit_Name" time="7.085"/>
  <testcase classname="TestCases.Edit_Contacts" name="edit_Phone" time="5.765"/>
  <testcase classname="TestCases.Edit_Contacts" name="edit_Email" time="5.586"/>
</testsuite> <!-- TestCases.Edit_Contacts -->
