<?xml version="1.0" encoding="UTF-8"?>
<!-- Generated by org.testng.reporters.JUnitReportReporter -->
<testsuite hostname="CHN-LP76" failures="0" tests="2" name="TestCases.Delete_Contatcs" time="12.541" errors="0" timestamp="2023-08-30T15:59:53 IST" skipped="0">
  <testcase classname="TestCases.Delete_Contatcs" name="delete_Single_Contact" time="6.693"/>
  <testcase classname="TestCases.Delete_Contatcs" name="delete_Multiple_Contact" time="5.848"/>
</testsuite> <!-- TestCases.Delete_Contatcs -->
